2026-07-03 04:07:31,907 | INFO | ============================================================
2026-07-03 04:07:31,909 | INFO | UPI Apps ETL started: 2026-07-03 04:07:31.909698
2026-07-03 04:07:31,912 | INFO | Files found: 51
2026-07-03 04:07:31,919 | INFO | [2022_01.xlsx] Already loaded Ś skipping.
2026-07-03 04:07:31,921 | INFO | [2022_02.xlsx] Already loaded Ś skipping.
2026-07-03 04:07:31,923 | INFO | [2022_03.xlsx] Already loaded Ś skipping.
2026-07-03 04:07:31,925 | INFO | [2022_04.xlsx] Already loaded Ś skipping.
2026-07-03 04:07:31,927 | INFO | [2022_05.xlsx] Already loaded Ś skipping.
2026-07-03 04:07:31,929 | INFO | [2022_06.xlsx] Already loaded Ś skipping.
2026-07-03 04:07:31,931 | INFO | [2022_07.xlsx] Already loaded Ś skipping.
2026-07-03 04:07:31,933 | INFO | [2022_08.xlsx] Already loaded Ś skipping.
2026-07-03 04:07:31,934 | INFO | [2022_09.xlsx] Already loaded Ś skipping.
2026-07-03 04:07:31,936 | INFO | [2022_10.xlsx] Already loaded Ś skipping.
2026-07-03 04:07:31,938 | INFO | [2022_11.xlsx] Already loaded Ś skipping.
2026-07-03 04:07:31,940 | INFO | [2022_12.xlsx] Already loaded Ś skipping.
2026-07-03 04:07:31,942 | INFO | [2023_01.xlsx] Already loaded Ś skipping.
2026-07-03 04:07:31,943 | INFO | [2023_02.xlsx] Already loaded Ś skipping.
2026-07-03 04:07:31,945 | INFO | [2023_03.xlsx] Already loaded Ś skipping.
2026-07-03 04:07:31,946 | INFO | [2023_04.xlsx] Already loaded Ś skipping.
2026-07-03 04:07:31,947 | INFO | [2023_05.xlsx] Already loaded Ś skipping.
2026-07-03 04:07:31,949 | INFO | [2023_06.xlsx] Already loaded Ś skipping.
2026-07-03 04:07:31,951 | INFO | [2023_07.xlsx] Already loaded Ś skipping.
2026-07-03 04:07:31,953 | INFO | [2023_08.xlsx] Already loaded Ś skipping.
2026-07-03 04:07:31,955 | INFO | [2023_09.xlsx] Already loaded Ś skipping.
2026-07-03 04:07:31,957 | INFO | [2023_10.xlsx] Already loaded Ś skipping.
2026-07-03 04:07:31,959 | INFO | [2023_11.xlsx] Already loaded Ś skipping.
2026-07-03 04:07:31,960 | INFO | [2023_12.xlsx] Already loaded Ś skipping.
2026-07-03 04:07:31,962 | INFO | [2024_01.xlsx] Already loaded Ś skipping.
2026-07-03 04:07:31,963 | INFO | [2024_02.xlsx] Already loaded Ś skipping.
2026-07-03 04:07:31,965 | INFO | [2024_03.xlsx] Already loaded Ś skipping.
2026-07-03 04:07:31,966 | INFO | [2024_04.xlsx] Already loaded Ś skipping.
2026-07-03 04:07:31,968 | INFO | [2024_05.xlsx] Already loaded Ś skipping.
2026-07-03 04:07:31,969 | INFO | [2024_06.xlsx] Already loaded Ś skipping.
2026-07-03 04:07:31,971 | INFO | [2024_07.xlsx] Already loaded Ś skipping.
2026-07-03 04:07:31,973 | INFO | [2024_08.xlsx] Already loaded Ś skipping.
2026-07-03 04:07:31,975 | INFO | [2024_09.xlsx] Already loaded Ś skipping.
2026-07-03 04:07:31,976 | INFO | [2024_10.xlsx] Already loaded Ś skipping.
2026-07-03 04:07:31,978 | INFO | [2024_11.xlsx] Already loaded Ś skipping.
2026-07-03 04:07:31,980 | INFO | [2024_12.xlsx] Already loaded Ś skipping.
2026-07-03 04:07:32,606 | ERROR | [2025_01.xlsx] Expected 12 columns, got 10. Schema may have changed.
2026-07-03 04:07:32,698 | ERROR | [2025_02.xlsx] Expected 12 columns, got 10. Schema may have changed.
2026-07-03 04:07:32,701 | INFO | [2025_03.xlsx] Already loaded Ś skipping.
2026-07-03 04:07:32,702 | INFO | [2025_04.xlsx] Already loaded Ś skipping.
2026-07-03 04:07:32,704 | INFO | [2025_05.xlsx] Already loaded Ś skipping.
2026-07-03 04:07:32,706 | INFO | [2025_06.xlsx] Already loaded Ś skipping.
2026-07-03 04:07:32,708 | INFO | [2025_07.xlsx] Already loaded Ś skipping.
2026-07-03 04:07:32,709 | INFO | [2025_08.xlsx] Already loaded Ś skipping.
2026-07-03 04:07:32,710 | INFO | [2025_09.xlsx] Already loaded Ś skipping.
2026-07-03 04:07:32,713 | INFO | [2025_10.xlsx] Already loaded Ś skipping.
2026-07-03 04:07:32,715 | INFO | [2025_11.xlsx] Already loaded Ś skipping.
2026-07-03 04:07:32,716 | INFO | [2025_12.xlsx] Already loaded Ś skipping.
2026-07-03 04:07:32,718 | INFO | [2026_01.xlsx] Already loaded Ś skipping.
2026-07-03 04:07:32,720 | INFO | [2026_02.xlsx] Already loaded Ś skipping.
2026-07-03 04:07:32,721 | INFO | [2026_04.xlsx] Already loaded Ś skipping.
2026-07-03 04:07:32,723 | INFO | ============================================================
2026-07-03 04:07:32,724 | INFO | Done. Success: 0 | Skipped: 49 | Failed: 2
2026-07-03 04:07:32,726 | INFO | DB: C:\Users\lnegi\OneDrive\Desktop\projectNew\ecosystemStatistics\staging\npci_upi.db
2026-07-03 04:07:32,726 | INFO | ============================================================
2026-07-03 04:12:52,231 | INFO | ============================================================
2026-07-03 04:12:52,233 | INFO | UPI Apps ETL started: 2026-07-03 04:12:52.233416
2026-07-03 04:12:52,236 | INFO | Files found: 51
2026-07-03 04:12:52,240 | INFO | [2022_01.xlsx] Already loaded Ś skipping.
2026-07-03 04:12:52,243 | INFO | [2022_02.xlsx] Already loaded Ś skipping.
2026-07-03 04:12:52,245 | INFO | [2022_03.xlsx] Already loaded Ś skipping.
2026-07-03 04:12:52,248 | INFO | [2022_04.xlsx] Already loaded Ś skipping.
2026-07-03 04:12:52,250 | INFO | [2022_05.xlsx] Already loaded Ś skipping.
2026-07-03 04:12:52,252 | INFO | [2022_06.xlsx] Already loaded Ś skipping.
2026-07-03 04:12:52,254 | INFO | [2022_07.xlsx] Already loaded Ś skipping.
2026-07-03 04:12:52,255 | INFO | [2022_08.xlsx] Already loaded Ś skipping.
2026-07-03 04:12:52,257 | INFO | [2022_09.xlsx] Already loaded Ś skipping.
2026-07-03 04:12:52,259 | INFO | [2022_10.xlsx] Already loaded Ś skipping.
2026-07-03 04:12:52,262 | INFO | [2022_11.xlsx] Already loaded Ś skipping.
2026-07-03 04:12:52,263 | INFO | [2022_12.xlsx] Already loaded Ś skipping.
2026-07-03 04:12:52,265 | INFO | [2023_01.xlsx] Already loaded Ś skipping.
2026-07-03 04:12:52,266 | INFO | [2023_02.xlsx] Already loaded Ś skipping.
2026-07-03 04:12:52,267 | INFO | [2023_03.xlsx] Already loaded Ś skipping.
2026-07-03 04:12:52,269 | INFO | [2023_04.xlsx] Already loaded Ś skipping.
2026-07-03 04:12:52,271 | INFO | [2023_05.xlsx] Already loaded Ś skipping.
2026-07-03 04:12:52,273 | INFO | [2023_06.xlsx] Already loaded Ś skipping.
2026-07-03 04:12:52,276 | INFO | [2023_07.xlsx] Already loaded Ś skipping.
2026-07-03 04:12:52,278 | INFO | [2023_08.xlsx] Already loaded Ś skipping.
2026-07-03 04:12:52,280 | INFO | [2023_09.xlsx] Already loaded Ś skipping.
2026-07-03 04:12:52,282 | INFO | [2023_10.xlsx] Already loaded Ś skipping.
2026-07-03 04:12:52,283 | INFO | [2023_11.xlsx] Already loaded Ś skipping.
2026-07-03 04:12:52,285 | INFO | [2023_12.xlsx] Already loaded Ś skipping.
2026-07-03 04:12:52,287 | INFO | [2024_01.xlsx] Already loaded Ś skipping.
2026-07-03 04:12:52,288 | INFO | [2024_02.xlsx] Already loaded Ś skipping.
2026-07-03 04:12:52,289 | INFO | [2024_03.xlsx] Already loaded Ś skipping.
2026-07-03 04:12:52,291 | INFO | [2024_04.xlsx] Already loaded Ś skipping.
2026-07-03 04:12:52,292 | INFO | [2024_05.xlsx] Already loaded Ś skipping.
2026-07-03 04:12:52,294 | INFO | [2024_06.xlsx] Already loaded Ś skipping.
2026-07-03 04:12:52,296 | INFO | [2024_07.xlsx] Already loaded Ś skipping.
2026-07-03 04:12:52,297 | INFO | [2024_08.xlsx] Already loaded Ś skipping.
2026-07-03 04:12:52,298 | INFO | [2024_09.xlsx] Already loaded Ś skipping.
2026-07-03 04:12:52,300 | INFO | [2024_10.xlsx] Already loaded Ś skipping.
2026-07-03 04:12:52,301 | INFO | [2024_11.xlsx] Already loaded Ś skipping.
2026-07-03 04:12:52,303 | INFO | [2024_12.xlsx] Already loaded Ś skipping.
2026-07-03 04:12:52,385 | WARNING | [2025_01.xlsx] 10 columns found Ś On-us columns absent. Inserting nulls.
2026-07-03 04:12:52,451 | INFO | [2025_01.xlsx] Parsed 83 app rows | Total vol: 16753.55 Mn | Year: 2025, Month: 1
2026-07-03 04:12:52,535 | WARNING | [2025_02.xlsx] 10 columns found Ś On-us columns absent. Inserting nulls.
2026-07-03 04:12:52,555 | INFO | [2025_02.xlsx] Parsed 82 app rows | Total vol: 15871.03 Mn | Year: 2025, Month: 2
2026-07-03 04:12:52,567 | INFO | [2025_03.xlsx] Already loaded Ś skipping.
2026-07-03 04:12:52,570 | INFO | [2025_04.xlsx] Already loaded Ś skipping.
2026-07-03 04:12:52,572 | INFO | [2025_05.xlsx] Already loaded Ś skipping.
2026-07-03 04:12:52,573 | INFO | [2025_06.xlsx] Already loaded Ś skipping.
2026-07-03 04:12:52,575 | INFO | [2025_07.xlsx] Already loaded Ś skipping.
2026-07-03 04:12:52,577 | INFO | [2025_08.xlsx] Already loaded Ś skipping.
2026-07-03 04:12:52,578 | INFO | [2025_09.xlsx] Already loaded Ś skipping.
2026-07-03 04:12:52,580 | INFO | [2025_10.xlsx] Already loaded Ś skipping.
2026-07-03 04:12:52,582 | INFO | [2025_11.xlsx] Already loaded Ś skipping.
2026-07-03 04:12:52,583 | INFO | [2025_12.xlsx] Already loaded Ś skipping.
2026-07-03 04:12:52,585 | INFO | [2026_01.xlsx] Already loaded Ś skipping.
2026-07-03 04:12:52,586 | INFO | [2026_02.xlsx] Already loaded Ś skipping.
2026-07-03 04:12:52,588 | INFO | [2026_04.xlsx] Already loaded Ś skipping.
2026-07-03 04:12:52,589 | INFO | ============================================================
2026-07-03 04:12:52,589 | INFO | Done. Success: 2 | Skipped: 49 | Failed: 0
2026-07-03 04:12:52,591 | INFO | DB: C:\Users\lnegi\OneDrive\Desktop\projectNew\ecosystemStatistics\staging\npci_upi.db
2026-07-03 04:12:52,592 | INFO | ============================================================
2026-07-03 05:00:56,760 | INFO | ============================================================
2026-07-03 05:00:56,760 | INFO | UPI Apps ETL started: 2026-07-03 05:00:56.760733
2026-07-03 05:00:56,762 | INFO | Files found: 51
2026-07-03 05:00:57,192 | INFO | [2022_01.xlsx] Parsed 59 app rows | Total vol: 4708.28 Mn | Year: 2022, Month: 1
2026-07-03 05:00:57,248 | WARNING | [2022_02.xlsx] 'b2b_volume_mn' is 100% zero this month. If consistent across all months, drop this column.
2026-07-03 05:00:57,254 | INFO | [2022_02.xlsx] Parsed 60 app rows | Total vol: 4613.79 Mn | Year: 2022, Month: 2
2026-07-03 05:00:57,302 | WARNING | [2022_03.xlsx] 'b2b_volume_mn' is 100% zero this month. If consistent across all months, drop this column.
2026-07-03 05:00:57,306 | INFO | [2022_03.xlsx] Parsed 66 app rows | Total vol: 5508.21 Mn | Year: 2022, Month: 3
2026-07-03 05:00:57,351 | INFO | [2022_04.xlsx] Parsed 67 app rows | Total vol: 5682.79 Mn | Year: 2022, Month: 4
2026-07-03 05:00:57,396 | INFO | [2022_05.xlsx] Parsed 66 app rows | Total vol: 6057.96 Mn | Year: 2022, Month: 5
2026-07-03 05:00:57,439 | INFO | [2022_06.xlsx] Parsed 68 app rows | Total vol: 5961.01 Mn | Year: 2022, Month: 6
2026-07-03 05:00:57,491 | INFO | [2022_07.xlsx] Parsed 67 app rows | Total vol: 6392.76 Mn | Year: 2022, Month: 7
2026-07-03 05:00:57,543 | INFO | [2022_08.xlsx] Parsed 66 app rows | Total vol: 6689.72 Mn | Year: 2022, Month: 8
2026-07-03 05:00:57,593 | INFO | [2022_09.xlsx] Parsed 66 app rows | Total vol: 6889.89 Mn | Year: 2022, Month: 9
2026-07-03 05:00:57,642 | INFO | [2022_10.xlsx] Parsed 63 app rows | Total vol: 7414.33 Mn | Year: 2022, Month: 10
2026-07-03 05:00:57,687 | INFO | [2022_11.xlsx] Parsed 67 app rows | Total vol: 7412.62 Mn | Year: 2022, Month: 11
2026-07-03 05:00:57,744 | INFO | [2022_12.xlsx] Parsed 65 app rows | Total vol: 7939.28 Mn | Year: 2022, Month: 12
2026-07-03 05:00:57,796 | INFO | [2023_01.xlsx] Parsed 69 app rows | Total vol: 8142.85 Mn | Year: 2023, Month: 1
2026-07-03 05:00:57,845 | INFO | [2023_02.xlsx] Parsed 67 app rows | Total vol: 7633.40 Mn | Year: 2023, Month: 2
2026-07-03 05:00:57,893 | INFO | [2023_03.xlsx] Parsed 69 app rows | Total vol: 8790.56 Mn | Year: 2023, Month: 3
2026-07-03 05:00:57,939 | INFO | [2023_04.xlsx] Parsed 69 app rows | Total vol: 9003.64 Mn | Year: 2023, Month: 4
2026-07-03 05:00:57,985 | INFO | [2023_05.xlsx] Parsed 69 app rows | Total vol: 9523.59 Mn | Year: 2023, Month: 5
2026-07-03 05:00:58,041 | INFO | [2023_06.xlsx] Parsed 71 app rows | Total vol: 9443.17 Mn | Year: 2023, Month: 6
2026-07-03 05:00:58,095 | INFO | [2023_07.xlsx] Parsed 70 app rows | Total vol: 10077.36 Mn | Year: 2023, Month: 7
2026-07-03 05:00:58,148 | INFO | [2023_08.xlsx] Parsed 73 app rows | Total vol: 10705.36 Mn | Year: 2023, Month: 8
2026-07-03 05:00:58,192 | INFO | [2023_09.xlsx] Parsed 72 app rows | Total vol: 10670.24 Mn | Year: 2023, Month: 9
2026-07-03 05:00:58,237 | INFO | [2023_10.xlsx] Parsed 70 app rows | Total vol: 11531.58 Mn | Year: 2023, Month: 10
2026-07-03 05:00:58,283 | INFO | [2023_11.xlsx] Parsed 70 app rows | Total vol: 11349.21 Mn | Year: 2023, Month: 11
2026-07-03 05:00:58,338 | INFO | [2023_12.xlsx] Parsed 71 app rows | Total vol: 12146.44 Mn | Year: 2023, Month: 12
2026-07-03 05:00:58,389 | INFO | [2024_01.xlsx] Parsed 71 app rows | Total vol: 12325.59 Mn | Year: 2024, Month: 1
2026-07-03 05:00:58,437 | INFO | [2024_02.xlsx] Parsed 69 app rows | Total vol: 12175.04 Mn | Year: 2024, Month: 2
2026-07-03 05:00:58,479 | INFO | [2024_03.xlsx] Parsed 69 app rows | Total vol: 12175.04 Mn | Year: 2024, Month: 3
2026-07-03 05:00:58,523 | INFO | [2024_04.xlsx] Parsed 70 app rows | Total vol: 13304.51 Mn | Year: 2024, Month: 4
2026-07-03 05:00:58,567 | INFO | [2024_05.xlsx] Parsed 68 app rows | Total vol: 13883.44 Mn | Year: 2024, Month: 5
2026-07-03 05:00:58,629 | INFO | [2024_06.xlsx] Parsed 70 app rows | Total vol: 13629.10 Mn | Year: 2024, Month: 6
2026-07-03 05:00:58,688 | INFO | [2024_07.xlsx] Parsed 73 app rows | Total vol: 14263.87 Mn | Year: 2024, Month: 7
2026-07-03 05:00:58,739 | INFO | [2024_08.xlsx] Parsed 70 app rows | Total vol: 14780.89 Mn | Year: 2024, Month: 8
2026-07-03 05:00:58,791 | INFO | [2024_09.xlsx] Parsed 76 app rows | Total vol: 14852.68 Mn | Year: 2024, Month: 9
2026-07-03 05:00:58,854 | INFO | [2024_10.xlsx] Parsed 77 app rows | Total vol: 16373.53 Mn | Year: 2024, Month: 10
2026-07-03 05:00:58,921 | INFO | [2024_11.xlsx] Parsed 81 app rows | Total vol: 15277.59 Mn | Year: 2024, Month: 11
2026-07-03 05:00:58,980 | INFO | [2024_12.xlsx] Parsed 83 app rows | Total vol: 16497.60 Mn | Year: 2024, Month: 12
2026-07-03 05:00:59,054 | WARNING | [2025_01.xlsx] 10 columns found Ś On-us columns absent. Inserting nulls.
2026-07-03 05:00:59,072 | INFO | [2025_01.xlsx] Parsed 83 app rows | Total vol: 16753.55 Mn | Year: 2025, Month: 1
2026-07-03 05:00:59,186 | WARNING | [2025_02.xlsx] 10 columns found Ś On-us columns absent. Inserting nulls.
2026-07-03 05:00:59,207 | INFO | [2025_02.xlsx] Parsed 82 app rows | Total vol: 15871.03 Mn | Year: 2025, Month: 2
2026-07-03 05:00:59,334 | INFO | [2025_03.xlsx] Parsed 82 app rows | Total vol: 18026.60 Mn | Year: 2025, Month: 3
2026-07-03 05:00:59,419 | INFO | [2025_04.xlsx] Parsed 84 app rows | Total vol: 17613.14 Mn | Year: 2025, Month: 4
2026-07-03 05:00:59,489 | INFO | [2025_05.xlsx] Parsed 83 app rows | Total vol: 18384.44 Mn | Year: 2025, Month: 5
2026-07-03 05:00:59,550 | INFO | [2025_06.xlsx] Parsed 82 app rows | Total vol: 18100.00 Mn | Year: 2025, Month: 6
2026-07-03 05:00:59,611 | INFO | [2025_07.xlsx] Parsed 85 app rows | Total vol: 19145.28 Mn | Year: 2025, Month: 7
2026-07-03 05:00:59,682 | INFO | [2025_08.xlsx] Parsed 85 app rows | Total vol: 19672.25 Mn | Year: 2025, Month: 8
2026-07-03 05:00:59,763 | INFO | [2025_09.xlsx] Parsed 86 app rows | Total vol: 19289.15 Mn | Year: 2025, Month: 9
2026-07-03 05:00:59,863 | INFO | [2025_10.xlsx] Parsed 87 app rows | Total vol: 20232.81 Mn | Year: 2025, Month: 10
2026-07-03 05:00:59,980 | INFO | [2025_11.xlsx] Parsed 90 app rows | Total vol: 20049.89 Mn | Year: 2025, Month: 11
2026-07-03 05:01:00,120 | INFO | [2025_12.xlsx] Parsed 92 app rows | Total vol: 21100.06 Mn | Year: 2025, Month: 12
2026-07-03 05:01:00,313 | INFO | [2026_01.xlsx] Parsed 92 app rows | Total vol: 21272.57 Mn | Year: 2026, Month: 1
2026-07-03 05:01:00,421 | INFO | [2026_02.xlsx] Parsed 92 app rows | Total vol: 19962.60 Mn | Year: 2026, Month: 2
2026-07-03 05:01:00,490 | INFO | [2026_04.xlsx] Parsed 91 app rows | Total vol: 22204.42 Mn | Year: 2026, Month: 4
2026-07-03 05:01:00,500 | INFO | ============================================================
2026-07-03 05:01:00,501 | INFO | Done. Success: 51 | Skipped: 0 | Failed: 0
2026-07-03 05:01:00,501 | INFO | DB: C:\Users\lnegi\OneDrive\Desktop\projectNew\ecosystemStatistics\staging\npci_upi.db
2026-07-03 05:01:00,502 | INFO | ============================================================
